2022-08-15 13:26:39,592 [INFO] admin.AdminApplication [restartedMain] Starting AdminApplication using Java 17.0.3 on LAPTOP-9RUG4VKD with PID 27840 (C:\Users\panwa\Desktop\Github Backend\Admin\target\classes started by panwa in C:\Users\panwa\Desktop\Github Backend\Admin)
2022-08-15 13:26:39,636 [INFO] admin.AdminApplication [restartedMain] No active profile set, falling back to default profiles: default
2022-08-15 13:26:39,893 [INFO] org.springframework.boot.devtools.env.DevToolsPropertyDefaultsPostProcessor [restartedMain] Devtools property defaults active! Set 'spring.devtools.add-properties' to 'false' to disable
2022-08-15 13:26:39,894 [INFO] org.springframework.boot.devtools.env.DevToolsPropertyDefaultsPostProcessor [restartedMain] For additional web related logging consider setting the 'logging.level.web' property to 'DEBUG'
2022-08-15 13:26:43,835 [INFO] org.springframework.data.repository.config.RepositoryConfigurationDelegate [restartedMain] Bootstrapping Spring Data MongoDB repositories in DEFAULT mode.
2022-08-15 13:26:44,227 [INFO] org.springframework.data.repository.config.RepositoryConfigurationDelegate [restartedMain] Finished Spring Data repository scanning in 378 ms. Found 3 MongoDB repository interfaces.
2022-08-15 13:26:44,825 [INFO] org.springframework.cloud.context.scope.GenericScope [restartedMain] BeanFactory id=efa42eea-7871-3e46-9361-1a45d80d59e7
2022-08-15 13:26:45,033 [INFO] org.springframework.context.support.PostProcessorRegistrationDelegate$BeanPostProcessorChecker [restartedMain] Bean 'org.springframework.cloud.client.loadbalancer.reactive.LoadBalancerBeanPostProcessorAutoConfiguration' of type [org.springframework.cloud.client.loadbalancer.reactive.LoadBalancerBeanPostProcessorAutoConfiguration] is not eligible for getting processed by all BeanPostProcessors (for example: not eligible for auto-proxying)
2022-08-15 13:26:45,038 [INFO] org.springframework.context.support.PostProcessorRegistrationDelegate$BeanPostProcessorChecker [restartedMain] Bean 'org.springframework.cloud.client.loadbalancer.reactive.LoadBalancerBeanPostProcessorAutoConfiguration$ReactorDeferringLoadBalancerFilterConfig' of type [org.springframework.cloud.client.loadbalancer.reactive.LoadBalancerBeanPostProcessorAutoConfiguration$ReactorDeferringLoadBalancerFilterConfig] is not eligible for getting processed by all BeanPostProcessors (for example: not eligible for auto-proxying)
2022-08-15 13:26:45,044 [INFO] org.springframework.context.support.PostProcessorRegistrationDelegate$BeanPostProcessorChecker [restartedMain] Bean 'reactorDeferringLoadBalancerExchangeFilterFunction' of type [org.springframework.cloud.client.loadbalancer.reactive.DeferringLoadBalancerExchangeFilterFunction] is not eligible for getting processed by all BeanPostProcessors (for example: not eligible for auto-proxying)
2022-08-15 13:26:45,978 [INFO] org.springframework.boot.web.embedded.tomcat.TomcatWebServer [restartedMain] Tomcat initialized with port(s): 8081 (http)
2022-08-15 13:26:46,022 [INFO] org.apache.catalina.core.StandardService [restartedMain] Starting service [Tomcat]
2022-08-15 13:26:46,023 [INFO] org.apache.catalina.core.StandardEngine [restartedMain] Starting Servlet engine: [Apache Tomcat/9.0.44]
2022-08-15 13:26:46,320 [INFO] org.apache.catalina.core.ContainerBase.[Tomcat].[localhost].[/] [restartedMain] Initializing Spring embedded WebApplicationContext
2022-08-15 13:26:46,321 [INFO] org.springframework.boot.web.servlet.context.ServletWebServerApplicationContext [restartedMain] Root WebApplicationContext: initialization completed in 6424 ms
2022-08-15 13:26:46,954 [INFO] org.mongodb.driver.cluster [restartedMain] Cluster created with settings {hosts=[localhost:27017], mode=SINGLE, requiredClusterType=UNKNOWN, serverSelectionTimeout='30000 ms'}
2022-08-15 13:26:47,122 [INFO] org.mongodb.driver.connection [cluster-ClusterId{value='62f9fc3e85f7e4780e926910', description='null'}-localhost:27017] Opened connection [connectionId{localValue:1, serverValue:223}] to localhost:27017
2022-08-15 13:26:47,124 [INFO] org.mongodb.driver.connection [cluster-rtt-ClusterId{value='62f9fc3e85f7e4780e926910', description='null'}-localhost:27017] Opened connection [connectionId{localValue:2, serverValue:222}] to localhost:27017
2022-08-15 13:26:47,127 [INFO] org.mongodb.driver.cluster [cluster-ClusterId{value='62f9fc3e85f7e4780e926910', description='null'}-localhost:27017] Monitor thread successfully connected to server with description ServerDescription{address=localhost:27017, type=STANDALONE, state=CONNECTED, ok=true, minWireVersion=0, maxWireVersion=13, maxDocumentSize=16777216, logicalSessionTimeoutMinutes=30, roundTripTimeNanos=60595199}
2022-08-15 13:26:47,744 [WARN] org.springframework.data.convert.CustomConversions [restartedMain] Registering converter from class java.time.LocalDateTime to class org.joda.time.LocalDateTime as reading converter although it doesn't convert from a store-supported type! You might want to check your annotation setup at the converter implementation.
2022-08-15 13:26:48,245 [WARN] org.springframework.boot.devtools.autoconfigure.OptionalLiveReloadServer [restartedMain] Unable to start LiveReload server
2022-08-15 13:26:48,344 [WARN] org.springframework.data.convert.CustomConversions [restartedMain] Registering converter from class java.time.LocalDateTime to class org.joda.time.LocalDateTime as reading converter although it doesn't convert from a store-supported type! You might want to check your annotation setup at the converter implementation.
2022-08-15 13:26:51,355 [INFO] org.springframework.cloud.commons.util.InetUtils [restartedMain] Cannot determine local hostname
2022-08-15 13:26:52,977 [INFO] org.springframework.cloud.commons.util.InetUtils [restartedMain] Cannot determine local hostname
2022-08-15 13:26:53,226 [INFO] org.springframework.boot.actuate.endpoint.web.EndpointLinksResolver [restartedMain] Exposing 2 endpoint(s) beneath base path '/actuator'
2022-08-15 13:26:53,443 [INFO] springfox.documentation.spring.web.PropertySourcedRequestMappingHandlerMapping [restartedMain] Mapped URL path [/v2/api-docs] onto method [springfox.documentation.swagger2.web.Swagger2Controller#getDocumentation(String, HttpServletRequest)]
2022-08-15 13:26:53,740 [INFO] org.springframework.scheduling.concurrent.ThreadPoolTaskExecutor [restartedMain] Initializing ExecutorService 'applicationTaskExecutor'
2022-08-15 13:26:54,095 [WARN] org.springframework.boot.autoconfigure.thymeleaf.ThymeleafAutoConfiguration$DefaultTemplateResolverConfiguration [restartedMain] Cannot find template location: classpath:/templates/ (please add some templates or check your Thymeleaf configuration)
2022-08-15 13:26:54,324 [INFO] org.springframework.cloud.netflix.eureka.config.DiscoveryClientOptionalArgsConfiguration [restartedMain] Eureka HTTP Client uses RestTemplate.
2022-08-15 13:26:55,838 [INFO] org.springframework.cloud.commons.util.InetUtils [restartedMain] Cannot determine local hostname
2022-08-15 13:26:56,461 [WARN] org.springframework.cloud.loadbalancer.config.LoadBalancerCacheAutoConfiguration$LoadBalancerCaffeineWarnLogger [restartedMain] Spring Cloud LoadBalancer is currently working with the default cache. You can switch to using Caffeine cache, by adding it and org.springframework.cache.caffeine.CaffeineCacheManager to the classpath.
2022-08-15 13:26:56,670 [INFO] org.springframework.cloud.netflix.eureka.InstanceInfoFactory [restartedMain] Setting initial instance status as: STARTING
2022-08-15 13:26:56,782 [INFO] com.netflix.discovery.DiscoveryClient [restartedMain] Initializing Eureka in region us-east-1
2022-08-15 13:26:56,805 [INFO] com.netflix.discovery.shared.resolver.aws.ConfigClusterResolver [restartedMain] Resolving eureka endpoints via configuration
2022-08-15 13:26:56,916 [INFO] com.netflix.discovery.DiscoveryClient [restartedMain] Disable delta property : false
2022-08-15 13:26:56,917 [INFO] com.netflix.discovery.DiscoveryClient [restartedMain] Single vip registry refresh property : null
2022-08-15 13:26:56,917 [INFO] com.netflix.discovery.DiscoveryClient [restartedMain] Force full registry fetch : false
2022-08-15 13:26:56,917 [INFO] com.netflix.discovery.DiscoveryClient [restartedMain] Application is null : false
2022-08-15 13:26:56,918 [INFO] com.netflix.discovery.DiscoveryClient [restartedMain] Registered Applications size is zero : true
2022-08-15 13:26:56,918 [INFO] com.netflix.discovery.DiscoveryClient [restartedMain] Application version is -1: true
2022-08-15 13:26:56,918 [INFO] com.netflix.discovery.DiscoveryClient [restartedMain] Getting all instance registry info from the eureka server
2022-08-15 13:26:57,765 [INFO] com.netflix.discovery.DiscoveryClient [restartedMain] The response status is 200
2022-08-15 13:26:57,778 [INFO] com.netflix.discovery.DiscoveryClient [restartedMain] Starting heartbeat executor: renew interval is: 30
2022-08-15 13:26:57,790 [INFO] com.netflix.discovery.InstanceInfoReplicator [restartedMain] InstanceInfoReplicator onDemand update allowed rate per min is 4
2022-08-15 13:26:57,815 [INFO] com.netflix.discovery.DiscoveryClient [restartedMain] Discovery Client initialized at timestamp 1660550217813 with initial instances count: 2
2022-08-15 13:26:57,819 [INFO] org.springframework.cloud.netflix.eureka.serviceregistry.EurekaServiceRegistry [restartedMain] Registering application ADMIN-SERVICE with eureka with status UP
2022-08-15 13:26:57,821 [INFO] com.netflix.discovery.DiscoveryClient [restartedMain] Saw local status change event StatusChangeEvent [timestamp=1660550217821, current=UP, previous=STARTING]
2022-08-15 13:26:57,825 [INFO] com.netflix.discovery.DiscoveryClient [DiscoveryClient-InstanceInfoReplicator-0] DiscoveryClient_ADMIN-SERVICE/localhost:admin-service:8081: registering service...
2022-08-15 13:26:58,004 [INFO] com.netflix.discovery.DiscoveryClient [DiscoveryClient-InstanceInfoReplicator-0] DiscoveryClient_ADMIN-SERVICE/localhost:admin-service:8081 - registration status: 204
2022-08-15 13:26:58,013 [INFO] org.springframework.boot.web.embedded.tomcat.TomcatWebServer [restartedMain] Tomcat started on port(s): 8081 (http) with context path ''
2022-08-15 13:26:58,016 [INFO] org.springframework.cloud.netflix.eureka.serviceregistry.EurekaAutoServiceRegistration [restartedMain] Updating port to 8081
2022-08-15 13:26:58,493 [INFO] org.apache.catalina.core.ContainerBase.[Tomcat].[localhost].[/] [RMI TCP Connection(3)-127.0.0.1] Initializing Spring DispatcherServlet 'dispatcherServlet'
2022-08-15 13:26:58,494 [INFO] org.springframework.web.servlet.DispatcherServlet [RMI TCP Connection(3)-127.0.0.1] Initializing Servlet 'dispatcherServlet'
2022-08-15 13:26:58,501 [INFO] org.springframework.web.servlet.DispatcherServlet [RMI TCP Connection(3)-127.0.0.1] Completed initialization in 7 ms
2022-08-15 13:26:59,822 [INFO] org.springframework.cloud.commons.util.InetUtils [restartedMain] Cannot determine local hostname
2022-08-15 13:27:01,455 [INFO] org.springframework.cloud.commons.util.InetUtils [restartedMain] Cannot determine local hostname
2022-08-15 13:27:01,458 [INFO] springfox.documentation.spring.web.plugins.DocumentationPluginsBootstrapper [restartedMain] Context refreshed
2022-08-15 13:27:01,512 [INFO] springfox.documentation.spring.web.plugins.DocumentationPluginsBootstrapper [restartedMain] Found 1 custom documentation plugin(s)
2022-08-15 13:27:01,609 [INFO] springfox.documentation.spring.web.scanners.ApiListingReferenceScanner [restartedMain] Scanning for api listing references
2022-08-15 13:27:02,014 [INFO] admin.AdminApplication [restartedMain] Started AdminApplication in 25.362 seconds (JVM running for 27.455)
2022-08-15 13:27:59,140 [INFO] org.mongodb.driver.connection [http-nio-8081-exec-5] Opened connection [connectionId{localValue:3, serverValue:224}] to localhost:27017
2022-08-15 13:31:56,961 [INFO] com.netflix.discovery.shared.resolver.aws.ConfigClusterResolver [AsyncResolver-bootstrap-executor-0] Resolving eureka endpoints via configuration
2022-08-15 13:36:57,004 [INFO] com.netflix.discovery.shared.resolver.aws.ConfigClusterResolver [AsyncResolver-bootstrap-executor-0] Resolving eureka endpoints via configuration
2022-08-15 13:41:57,026 [INFO] com.netflix.discovery.shared.resolver.aws.ConfigClusterResolver [AsyncResolver-bootstrap-executor-0] Resolving eureka endpoints via configuration
2022-08-15 13:46:57,060 [INFO] com.netflix.discovery.shared.resolver.aws.ConfigClusterResolver [AsyncResolver-bootstrap-executor-0] Resolving eureka endpoints via configuration
2022-08-15 13:51:57,075 [INFO] com.netflix.discovery.shared.resolver.aws.ConfigClusterResolver [AsyncResolver-bootstrap-executor-0] Resolving eureka endpoints via configuration
2022-08-15 13:56:57,086 [INFO] com.netflix.discovery.shared.resolver.aws.ConfigClusterResolver [AsyncResolver-bootstrap-executor-0] Resolving eureka endpoints via configuration
2022-08-15 14:01:57,101 [INFO] com.netflix.discovery.shared.resolver.aws.ConfigClusterResolver [AsyncResolver-bootstrap-executor-0] Resolving eureka endpoints via configuration
2022-08-15 14:06:57,108 [INFO] com.netflix.discovery.shared.resolver.aws.ConfigClusterResolver [AsyncResolver-bootstrap-executor-0] Resolving eureka endpoints via configuration
2022-08-15 14:11:57,118 [INFO] com.netflix.discovery.shared.resolver.aws.ConfigClusterResolver [AsyncResolver-bootstrap-executor-0] Resolving eureka endpoints via configuration
2022-08-15 14:16:57,127 [INFO] com.netflix.discovery.shared.resolver.aws.ConfigClusterResolver [AsyncResolver-bootstrap-executor-0] Resolving eureka endpoints via configuration
2022-08-15 14:21:57,140 [INFO] com.netflix.discovery.shared.resolver.aws.ConfigClusterResolver [AsyncResolver-bootstrap-executor-0] Resolving eureka endpoints via configuration
2022-08-15 14:26:57,156 [INFO] com.netflix.discovery.shared.resolver.aws.ConfigClusterResolver [AsyncResolver-bootstrap-executor-0] Resolving eureka endpoints via configuration
2022-08-15 14:31:57,175 [INFO] com.netflix.discovery.shared.resolver.aws.ConfigClusterResolver [AsyncResolver-bootstrap-executor-0] Resolving eureka endpoints via configuration
2022-08-15 14:36:57,201 [INFO] com.netflix.discovery.shared.resolver.aws.ConfigClusterResolver [AsyncResolver-bootstrap-executor-0] Resolving eureka endpoints via configuration
2022-08-15 14:41:57,335 [INFO] com.netflix.discovery.shared.resolver.aws.ConfigClusterResolver [AsyncResolver-bootstrap-executor-0] Resolving eureka endpoints via configuration
2022-08-15 14:46:57,658 [INFO] com.netflix.discovery.shared.resolver.aws.ConfigClusterResolver [AsyncResolver-bootstrap-executor-0] Resolving eureka endpoints via configuration
2022-08-15 14:51:57,687 [INFO] com.netflix.discovery.shared.resolver.aws.ConfigClusterResolver [AsyncResolver-bootstrap-executor-0] Resolving eureka endpoints via configuration
